<?xml version="1.0" encoding="UTF-8"?>
<testng-results skipped="0" failed="0" ignored="0" total="1" passed="1">
  <reporter-output>
  </reporter-output>
  <suite name="Default suite" duration-ms="5550" started-at="2019-05-11T04:38:05Z" finished-at="2019-05-11T04:38:10Z">
    <groups>
    </groups>
    <test name="Default test" duration-ms="5550" started-at="2019-05-11T04:38:05Z" finished-at="2019-05-11T04:38:10Z">
      <class name="com.example.springtestdemo.user.UserControllerTest">
        <test-method status="PASS" signature="springTestContextBeforeTestClass()[pri:0, instance:com.example.springtestdemo.user.UserControllerTest@4ef37659]" name="springTestContextBeforeTestClass" is-config="true" duration-ms="31" started-at="2019-05-11T04:38:05Z" finished-at="2019-05-11T04:38:05Z">
          <reporter-output>
          </reporter-output>
        </test-method> <!-- springTestContextBeforeTestClass -->
        <test-method status="PASS" signature="springTestContextPrepareTestInstance()[pri:0, instance:com.example.springtestdemo.user.UserControllerTest@4ef37659]" name="springTestContextPrepareTestInstance" is-config="true" duration-ms="4830" started-at="2019-05-11T04:38:05Z" depends-on-methods="org.springframework.test.context.testng.AbstractTestNGSpringContextTests.springTestContextBeforeTestClass" finished-at="2019-05-11T04:38:10Z">
          <reporter-output>
          </reporter-output>
        </test-method> <!-- springTestContextPrepareTestInstance -->
        <test-method status="PASS" signature="springTestContextBeforeTestMethod(java.lang.reflect.Method)[pri:0, instance:com.example.springtestdemo.user.UserControllerTest@4ef37659]" name="springTestContextBeforeTestMethod" is-config="true" duration-ms="16" started-at="2019-05-11T04:38:10Z" finished-at="2019-05-11T04:38:10Z">
          <params>
            <param index="0">
              <value>
                <![CDATA[public void com.example.springtestdemo.user.UserControllerTest.test() throws java.lang.Exception]]>
              </value>
            </param>
          </params>
          <reporter-output>
          </reporter-output>
        </test-method> <!-- springTestContextBeforeTestMethod -->
        <test-method status="PASS" signature="test()[pri:0, instance:com.example.springtestdemo.user.UserControllerTest@4ef37659]" name="test" duration-ms="658" started-at="2019-05-11T04:38:10Z" finished-at="2019-05-11T04:38:10Z">
          <reporter-output>
          </reporter-output>
        </test-method> <!-- test -->
        <test-method status="PASS" signature="springTestContextAfterTestClass()[pri:0, instance:com.example.springtestdemo.user.UserControllerTest@4ef37659]" name="springTestContextAfterTestClass" is-config="true" duration-ms="0" started-at="2019-05-11T04:38:10Z" finished-at="2019-05-11T04:38:10Z">
          <reporter-output>
          </reporter-output>
        </test-method> <!-- springTestContextAfterTestClass -->
        <test-method status="PASS" signature="springTestContextAfterTestMethod(java.lang.reflect.Method)[pri:0, instance:com.example.springtestdemo.user.UserControllerTest@4ef37659]" name="springTestContextAfterTestMethod" is-config="true" duration-ms="0" started-at="2019-05-11T04:38:10Z" finished-at="2019-05-11T04:38:10Z">
          <params>
            <param index="0">
              <value>
                <![CDATA[public void com.example.springtestdemo.user.UserControllerTest.test() throws java.lang.Exception]]>
              </value>
            </param>
          </params>
          <reporter-output>
          </reporter-output>
        </test-method> <!-- springTestContextAfterTestMethod -->
      </class> <!-- com.example.springtestdemo.user.UserControllerTest -->
    </test> <!-- Default test -->
  </suite> <!-- Default suite -->
</testng-results>
